<?xml version="1.0" encoding="UTF-8"?>
<!-- Generated by org.testng.reporters.JUnitReportReporter -->
<testsuite skipped="0" hostname="LP-5CD8297FHF" name="REST.Learning.AppTest" tests="1" failures="0" timestamp="31 Jul 2019 10:23:08 GMT" time="0.005" errors="0">
  <testcase name="testApp" time="0.005" classname="REST.Learning.AppTest"/>
</testsuite> <!-- REST.Learning.AppTest -->
